DEBUG 2021-02-11 13:01:03.876 UTC: 	 CRAB Client version: v3.201110
DEBUG 2021-02-11 13:01:03.877 UTC: 	 Running on: Linux lxplus703.cern.ch 3.10.0-1160.11.1.el7.x86_64 #1 SMP Fri Dec 18 16:34:56 UTC 2020 x86_64 x86_64 x86_64 GNU/Linux - CentOS Linux 7 (Core)
DEBUG 2021-02-11 13:01:03.877 UTC: 	 Executing command: 'submit'
DEBUG 2021-02-11 13:01:03.877 UTC: 	 Found CRAB cache file /afs/cern.ch/user/d/dvalsecc/.crab3
INFO 2021-02-11 13:01:03.878 UTC: 	 Will use CRAB configuration file crab_WplusToLNuZToJJJJ_VBS_Herwig7.py
DEBUG 2021-02-11 13:01:03.878 UTC: 	 Loading CRAB configuration file.
DEBUG 2021-02-11 13:01:03.918 UTC: 	 Will use CRAB PrivateMC plugin (i.e. will run a MC generation job type).
DEBUG 2021-02-11 13:01:04.025 UTC: 	 Checking credentials
DEBUG 2021-02-11 13:01:04.026 UTC: 	 Found proxy file /tmp/x509up_u96307
DEBUG 2021-02-11 13:01:04.026 UTC: 	 Getting proxy life time left
DEBUG 2021-02-11 13:01:04.732 UTC: 	 Executing : 
 command : voms-proxy-info -file /tmp/x509up_u96307 -timeleft
 output : 616832

 error: 
 retcode : 0
DEBUG 2021-02-11 13:01:05.442 UTC: 	 Executing : 
 command : voms-proxy-info -file /tmp/x509up_u96307 -actimeleft
 output : 616831

 error: 
 retcode : 0
DEBUG 2021-02-11 13:01:05.442 UTC: 	 Proxy lifetime 616832 secs is different from voms extension lifetime 616831 secs for proxy: /tmp/x509up_u96307
DEBUG 2021-02-11 13:01:05.442 UTC: 	 Proxy valid for 171:20:31 hours
DEBUG 2021-02-11 13:01:06.148 UTC: 	 Executing : 
 command : env X509_USER_PROXY=/tmp/x509up_u96307 voms-proxy-info -fqan
 output : /cms/Role=NULL/Capability=NULL

 error: 
 retcode : 0
DEBUG 2021-02-11 13:01:06.261 UTC: 	 Registering user credentials for server /DC=ch/DC=cern/OU=computers/CN=vocms0105.cern.ch|/DC=ch/DC=cern/OU=computers/CN=crab-(preprod|prod|dev)-tw(02|01).cern.ch|/DC=ch/DC=cern/OU=computers/CN=(ddi|ddidk|mytw).cern.ch|/DC=ch/DC=cern/OU=computers/CN=stefanov(m|m2).cern.ch
DEBUG 2021-02-11 13:01:06.977 UTC: 	 Executing : 
 command : voms-proxy-info -file /tmp/x509up_u96307 -identity
 output : /DC=ch/DC=cern/OU=Organic Units/OU=Users/CN=dvalsecc/CN=805418/CN=Davide Valsecchi

 error: 
 retcode : 0
DEBUG 2021-02-11 13:01:06.985 UTC: 	 Getting myproxy life time left for myproxy.cern.ch
DEBUG 2021-02-11 13:01:06.985 UTC: 	 using 1ce5cb5b1b07a625518d90764c8eac487e5e3e84 as credential login name
DEBUG 2021-02-11 13:01:07.290 UTC: 	 Executing : 
 command : myproxy-info -l 1ce5cb5b1b07a625518d90764c8eac487e5e3e84 -s myproxy.cern.ch
 output : username: 1ce5cb5b1b07a625518d90764c8eac487e5e3e84
owner: /DC=ch/DC=cern/OU=Organic Units/OU=Users/CN=dvalsecc/CN=805418/CN=Davide Valsecchi
  renewal policy: /DC=ch/DC=cern/OU=computers/CN=vocms0105.cern.ch|/DC=ch/DC=cern/OU=computers/CN=crab-(preprod|prod|dev)-tw(02|01).cern.ch|/DC=ch/DC=cern/OU=computers/CN=(ddi|ddidk|mytw).cern.ch|/DC=ch/DC=cern/OU=computers/CN=stefanov(m|m2).cern.ch
  trusted retrieval policy: /DC=ch/DC=cern/OU=computers/CN=vocms0105.cern.ch|/DC=ch/DC=cern/OU=computers/CN=crab-(preprod|prod|dev)-tw(02|01).cern.ch|/DC=ch/DC=cern/OU=computers/CN=(ddi|ddidk|mytw).cern.ch|/DC=ch/DC=cern/OU=computers/CN=stefanov(m|m2).cern.ch
  timeleft: 643:12:07  (26.8 days)

 error: 
 retcode : 0
DEBUG 2021-02-11 13:01:07.291 UTC: 	 Myproxy is valid: 2315527
DEBUG 2021-02-11 13:01:07.291 UTC: 	 Retrieving username ...
DEBUG 2021-02-11 13:01:07.291 UTC: 	 Retrieving username from CRIC...
DEBUG 2021-02-11 13:01:08.103 UTC: 	 username is dvalsecc
DEBUG 2021-02-11 13:01:08.111 UTC: 	 Getting myproxy life time left for myproxy.cern.ch
DEBUG 2021-02-11 13:01:08.112 UTC: 	 using dvalsecc_CRAB as credential login name
DEBUG 2021-02-11 13:01:08.518 UTC: 	 Executing : 
 command : myproxy-info -l dvalsecc_CRAB -s myproxy.cern.ch
 output : username: dvalsecc_CRAB
owner: /DC=ch/DC=cern/OU=Organic Units/OU=Users/CN=dvalsecc/CN=805418/CN=Davide Valsecchi
  renewal policy: /DC=ch/DC=cern/OU=computers/CN=vocms0105.cern.ch|/DC=ch/DC=cern/OU=computers/CN=crab-(preprod|prod|dev)-tw(02|01).cern.ch|/DC=ch/DC=cern/OU=computers/CN=(ddi|ddidk|mytw).cern.ch|/DC=ch/DC=cern/OU=computers/CN=stefanov(m|m2).cern.ch
  trusted retrieval policy: /DC=ch/DC=cern/OU=computers/CN=vocms0105.cern.ch|/DC=ch/DC=cern/OU=computers/CN=crab-(preprod|prod|dev)-tw(02|01).cern.ch|/DC=ch/DC=cern/OU=computers/CN=(ddi|ddidk|mytw).cern.ch|/DC=ch/DC=cern/OU=computers/CN=stefanov(m|m2).cern.ch
  timeleft: 643:12:10  (26.8 days)

 error: 
 retcode : 0
DEBUG 2021-02-11 13:01:08.518 UTC: 	 Myproxy is valid: 2315530
DEBUG 2021-02-11 13:01:08.518 UTC: 	 Result of myproxy credential check:
  Credential exists on myproxy: username: 1ce5cb5b1b07a625518d90764c8eac487e5e3e84  - validity: 26 days, 19:12:07
  Credential exists on myproxy: username: dvalsecc_CRAB  - validity: 26 days, 19:12:10
DEBUG 2021-02-11 13:01:08.518 UTC: 	 Command use: submit
DEBUG 2021-02-11 13:01:08.518 UTC: 	 Options use: ['crab_WplusToLNuZToJJJJ_VBS_Herwig7.py']
DEBUG 2021-02-11 13:01:08.627 UTC: 	 CRABClient version: v3.201110
DEBUG 2021-02-11 13:01:08.627 UTC: 	 Instance is prod
DEBUG 2021-02-11 13:01:08.627 UTC: 	 Server base url is cmsweb-k8s-prod.cern.ch
DEBUG 2021-02-11 13:01:08.627 UTC: 	 Command url /crabserver/prod/workflow
DEBUG 2021-02-11 13:01:08.627 UTC: 	 Started submission
DEBUG 2021-02-11 13:01:08.627 UTC: 	 Working on /afs/cern.ch/work/d/dvalsecc/private/VBSsampleHerwig/CMSSW_10_6_20_patch1/src/Configuration/VGenStudies/crab_submit_files/crab_projects/crab_WplusToLNuZToJJJJ_VBS_Herwig7
DEBUG 2021-02-11 13:01:08.757 UTC: 	 Loading required information from the environment
DEBUG 2021-02-11 13:01:08.758 UTC: 	 Found CMSSW_10_6_20_patch1 for slc7_amd64_gcc700 with base /afs/cern.ch/work/d/dvalsecc/private/VBSsampleHerwig/CMSSW_10_6_20_patch1
DEBUG 2021-02-11 13:01:08.758 UTC: 	 UNIQUE NAME: tarUUID 1d9808d2-5e69-4d1d-bb10-27a729399c06 
DEBUG 2021-02-11 13:01:08.758 UTC: 	 self.config: from WMCore.Configuration import Configuration
config = Configuration()
config.section_('General')
config.General.transferLogs = True
config.General.transferOutputs = True
config.General.workArea = 'crab_projects'
config.General.requestName = 'WplusToLNuZToJJJJ_VBS_Herwig7'
config.section_('JobType')
config.JobType.psetName = '../configs/WplusToLNuZToJJJJ_VBS_Herwig7.py'
config.JobType.pluginName = 'PrivateMC'
config.JobType.numCores = 1
config.JobType.allowUndistributedCMSSW = True
config.JobType.eventsPerLumi = 5000
config.section_('Data')
config.Data.outputDatasetTag = 'RunIISummer15wmLHEGS'
config.Data.publication = False
config.Data.unitsPerJob = 5000
config.Data.splitting = 'EventBased'
config.Data.outLFNDirBase = '/store/group/phys_smp/VJets_NLO_VBSanalyses/Samples/NanoGEN'
config.Data.outputPrimaryDataset = 'WplusToLNuZToJJJJ_VBS_Herwig7'
config.Data.totalUnits = 150000
config.section_('Site')
config.Site.storageSite = 'T2_CH_CERN'
config.section_('User')
config.section_('Debug')

DEBUG 2021-02-11 13:01:08.758 UTC: 	 self.config.JobType.psetName: ../configs/WplusToLNuZToJJJJ_VBS_Herwig7.py
INFO 2021-02-11 13:01:08.758 UTC: 	 Importing CMSSW configuration ../configs/WplusToLNuZToJJJJ_VBS_Herwig7.py
INFO 2021-02-11 13:01:12.197 UTC: 	 Finished importing CMSSW configuration ../configs/WplusToLNuZToJJJJ_VBS_Herwig7.py
DEBUG 2021-02-11 13:01:12.198 UTC: 	 Writing CMSSW configuration to /afs/cern.ch/work/d/dvalsecc/private/VBSsampleHerwig/CMSSW_10_6_20_patch1/src/Configuration/VGenStudies/crab_submit_files/crab_projects/crab_WplusToLNuZToJJJJ_VBS_Herwig7/inputs/PSet.py
DEBUG 2021-02-11 13:01:12.992 UTC: 	 The following EDM output files will be collected: ['WplusToLNuZToJJJJ_VBS_Herwig7.root']
DEBUG 2021-02-11 13:01:12.992 UTC: 	 The following TFile output files will be collected: []
DEBUG 2021-02-11 13:01:12.992 UTC: 	 The following user output files (not listed as PoolOuputModule or TFileService in the CMSSW PSet) will be collected: 
DEBUG 2021-02-11 13:01:12.993 UTC: 	 Loading required information from the environment
DEBUG 2021-02-11 13:01:12.993 UTC: 	 Found CMSSW_10_6_20_patch1 for slc7_amd64_gcc700 with base /afs/cern.ch/work/d/dvalsecc/private/VBSsampleHerwig/CMSSW_10_6_20_patch1
DEBUG 2021-02-11 13:01:12.993 UTC: 	 Making tarball in /afs/cern.ch/work/d/dvalsecc/private/VBSsampleHerwig/CMSSW_10_6_20_patch1/src/Configuration/VGenStudies/crab_submit_files/crab_projects/crab_WplusToLNuZToJJJJ_VBS_Herwig7/inputs/1d9808d2-5e69-4d1d-bb10-27a729399c06default.tgz
DEBUG 2021-02-11 13:01:12.995 UTC: 	 Checking directory /afs/cern.ch/work/d/dvalsecc/private/VBSsampleHerwig/CMSSW_10_6_20_patch1/lib
DEBUG 2021-02-11 13:01:12.995 UTC: 	 Adding directory /afs/cern.ch/work/d/dvalsecc/private/VBSsampleHerwig/CMSSW_10_6_20_patch1/lib to tarball
DEBUG 2021-02-11 13:01:13.003 UTC: 	 Checking directory /afs/cern.ch/work/d/dvalsecc/private/VBSsampleHerwig/CMSSW_10_6_20_patch1/biglib
DEBUG 2021-02-11 13:01:13.004 UTC: 	 Adding directory /afs/cern.ch/work/d/dvalsecc/private/VBSsampleHerwig/CMSSW_10_6_20_patch1/biglib to tarball
DEBUG 2021-02-11 13:01:13.004 UTC: 	 Checking directory /afs/cern.ch/work/d/dvalsecc/private/VBSsampleHerwig/CMSSW_10_6_20_patch1/module
DEBUG 2021-02-11 13:01:13.027 UTC: 	 Adding data directory /afs/cern.ch/work/d/dvalsecc/private/VBSsampleHerwig/CMSSW_10_6_20_patch1/src/Configuration/Generator/data to tarball
DEBUG 2021-02-11 13:01:13.052 UTC: 	 Adding data directory /afs/cern.ch/work/d/dvalsecc/private/VBSsampleHerwig/CMSSW_10_6_20_patch1/src/Configuration/PyReleaseValidation/data to tarball
DEBUG 2021-02-11 13:01:13.055 UTC: 	 Adding data directory /afs/cern.ch/work/d/dvalsecc/private/VBSsampleHerwig/CMSSW_10_6_20_patch1/src/Configuration/SVSuite/data to tarball
DEBUG 2021-02-11 13:01:13.057 UTC: 	 Adding data directory /afs/cern.ch/work/d/dvalsecc/private/VBSsampleHerwig/CMSSW_10_6_20_patch1/src/Configuration/Skimming/interface to tarball
DEBUG 2021-02-11 13:01:13.564 UTC: 	 Uploading archive /afs/cern.ch/work/d/dvalsecc/private/VBSsampleHerwig/CMSSW_10_6_20_patch1/src/Configuration/VGenStudies/crab_submit_files/crab_projects/crab_WplusToLNuZToJJJJ_VBS_Herwig7/inputs/1d9808d2-5e69-4d1d-bb10-27a729399c06default.tgz (346 KB) to the CRAB cache. Using URI https://cmsweb.cern.ch:8443/crabcache
DEBUG 2021-02-11 13:01:14.185 UTC: 	 Loading required information from the environment
DEBUG 2021-02-11 13:01:14.185 UTC: 	 Found CMSSW_10_6_20_patch1 for slc7_amd64_gcc700 with base /afs/cern.ch/work/d/dvalsecc/private/VBSsampleHerwig/CMSSW_10_6_20_patch1
DEBUG 2021-02-11 13:01:14.186 UTC: 	 Making tarball in /afs/cern.ch/work/d/dvalsecc/private/VBSsampleHerwig/CMSSW_10_6_20_patch1/src/Configuration/VGenStudies/crab_submit_files/crab_projects/crab_WplusToLNuZToJJJJ_VBS_Herwig7/inputs/debugFiles.tgz
DEBUG 2021-02-11 13:01:14.194 UTC: 	 Uploading archive /afs/cern.ch/work/d/dvalsecc/private/VBSsampleHerwig/CMSSW_10_6_20_patch1/src/Configuration/VGenStudies/crab_submit_files/crab_projects/crab_WplusToLNuZToJJJJ_VBS_Herwig7/inputs/debugFiles.tgz (3 KB) to the CRAB cache. Using URI https://cmsweb.cern.ch:8443/crabcache
DEBUG 2021-02-11 13:01:14.307 UTC: 	 Result uploading input files: fe784ff1c9eef60fec4514b2683e022427757d9d86e4df64b1aadbae11ef2026.tar.gz 
INFO 2021-02-11 13:01:14.307 UTC: 	 Sending the request to the server at cmsweb-k8s-prod.cern.ch
DEBUG 2021-02-11 13:01:14.307 UTC: 	 Submitting {'maxjobruntime': 1250, 'extrajdl': [], 'ignorelocality': 0, 'savelogsflag': 1, 'useparent': 0, 'asyncdest': 'T2_CH_CERN', 'algoargs': 5000, 'cachefilename': 'fe784ff1c9eef60fec4514b2683e022427757d9d86e4df64b1aadbae11ef2026.tar.gz', 'numcores': 1, 'addoutputfiles': [], 'generator': 'pythia', 'maxmemory': 2000, 'publishdbsurl': 'https://cmsweb.cern.ch/dbs/prod/phys03/DBSWriter', 'priority': 10, 'jobsw': 'CMSSW_10_6_20_patch1', 'eventsperlumi': 5000, 'edmoutfiles': ['WplusToLNuZToJJJJ_VBS_Herwig7.root'], 'userfiles': [], 'primarydataset': 'WplusToLNuZToJJJJ_VBS_Herwig7', 'inputdata': '', 'lfn': '/store/group/phys_smp/VJets_NLO_VBSanalyses/Samples/NanoGEN', 'dryrun': 0, 'workflow': 'crab_WplusToLNuZToJJJJ_VBS_Herwig7', 'cacheurl': u'https://cmsweb.cern.ch:8443/crabcache', 'nonprodsw': 1, 'tfileoutfiles': [], 'oneEventMode': 0, 'debugfilename': 'a2a15c8c4770bf709b84df9013b36df263a75238f152d275d52202e87362bacb.tar.gz', 'saveoutput': 1, 'publication': 0, 'jobarch': 'slc7_amd64_gcc700', 'totalunits': 150000, 'splitalgo': 'EventBased', 'ignoreglobalblacklist': 0, 'nonvaliddata': 0, 'dbsurl': 'https://cmsweb.cern.ch/dbs/prod/global/DBSReader', 'publishgroupname': 0, 'jobtype': 'PrivateMC', 'publishname2': 'RunIISummer15wmLHEGS'} 
DEBUG 2021-02-11 13:01:14.308 UTC: 	 Encoded submit request: maxjobruntime=1250&ignorelocality=0&savelogsflag=1&useparent=0&asyncdest=T2_CH_CERN&algoargs=5000&cachefilename=fe784ff1c9eef60fec4514b2683e022427757d9d86e4df64b1aadbae11ef2026.tar.gz&numcores=1&generator=pythia&maxmemory=2000&publishdbsurl=https%3A%2F%2Fcmsweb.cern.ch%2Fdbs%2Fprod%2Fphys03%2FDBSWriter&priority=10&jobsw=CMSSW_10_6_20_patch1&eventsperlumi=5000&primarydataset=WplusToLNuZToJJJJ_VBS_Herwig7&inputdata=&lfn=%2Fstore%2Fgroup%2Fphys_smp%2FVJets_NLO_VBSanalyses%2FSamples%2FNanoGEN&dryrun=0&workflow=crab_WplusToLNuZToJJJJ_VBS_Herwig7&cacheurl=https%3A%2F%2Fcmsweb.cern.ch%3A8443%2Fcrabcache&nonprodsw=1&oneEventMode=0&debugfilename=a2a15c8c4770bf709b84df9013b36df263a75238f152d275d52202e87362bacb.tar.gz&saveoutput=1&publication=0&jobarch=slc7_amd64_gcc700&totalunits=150000&splitalgo=EventBased&ignoreglobalblacklist=0&nonvaliddata=0&dbsurl=https%3A%2F%2Fcmsweb.cern.ch%2Fdbs%2Fprod%2Fglobal%2FDBSReader&publishgroupname=0&jobtype=PrivateMC&publishname2=RunIISummer15wmLHEGS&edmoutfiles=WplusToLNuZToJJJJ_VBS_Herwig7.root
DEBUG 2021-02-11 13:01:14.422 UTC: 	 Result: {u'result': [{u'RequestName': u'210211_130114:dvalsecc_crab_WplusToLNuZToJJJJ_VBS_Herwig7'}]}
INFO 2021-02-11 13:01:14.425 UTC: 	 Success: Your task has been delivered to the prod CRAB3 server.
INFO 2021-02-11 13:01:14.426 UTC: 	 Task name: 210211_130114:dvalsecc_crab_WplusToLNuZToJJJJ_VBS_Herwig7
INFO 2021-02-11 13:01:14.426 UTC: 	 Project dir: crab_projects/crab_WplusToLNuZToJJJJ_VBS_Herwig7
INFO 2021-02-11 13:01:14.426 UTC: 	 Please use ' crab status -d crab_projects/crab_WplusToLNuZToJJJJ_VBS_Herwig7 ' to check how the submission process proceeds.
DEBUG 2021-02-11 13:01:14.426 UTC: 	 About to return
INFO 2021-02-11 13:01:14.429 UTC: 	 Log file is /afs/cern.ch/work/d/dvalsecc/private/VBSsampleHerwig/CMSSW_10_6_20_patch1/src/Configuration/VGenStudies/crab_submit_files/crab_projects/crab_WplusToLNuZToJJJJ_VBS_Herwig7/crab.log
